<?xml version="1.0" encoding="UTF-8"?>
<!-- Generated by org.testng.reporters.JUnitReportReporter -->
<testsuite skipped="0" hostname="ip-172-31-87-158" name="com.webapp.test.amazon.AmazonHomepageTest" tests="3" failures="0" timestamp="2021-12-18T17:02:40 UTC" time="11.645" errors="0">
  <testcase name="testSearchData" time="5.008" classname="com.webapp.test.amazon.AmazonHomepageTest"/>
  <system-out/>
  <testcase name="testHomePageTitle" time="3.466" classname="com.webapp.test.amazon.AmazonHomepageTest"/>
  <system-out/>
  <testcase name="testHomepageSoruceUrl" time="3.171" classname="com.webapp.test.amazon.AmazonHomepageTest"/>
  <system-out/>
</testsuite> <!-- com.webapp.test.amazon.AmazonHomepageTest -->
