<?xml version="1.0" encoding="UTF-8"?>
<!-- Generated by org.testng.reporters.JUnitReportReporter -->
<testsuite skipped="0" hostname="ip-172-31-87-158" name="com.webapp.test.amazon.AmazonNavigationLinkTest" tests="3" failures="0" timestamp="2021-12-18T17:23:44 UTC" time="25.032" errors="0">
  <testcase name="testElectronicsNavLink" time="8.382" classname="com.webapp.test.amazon.AmazonNavigationLinkTest"/>
  <system-out/>
  <testcase name="testBestSellerNavLink" time="8.551" classname="com.webapp.test.amazon.AmazonNavigationLinkTest"/>
  <system-out/>
  <testcase name="testMobileNavLink" time="8.099" classname="com.webapp.test.amazon.AmazonNavigationLinkTest"/>
  <system-out/>
</testsuite> <!-- com.webapp.test.amazon.AmazonNavigationLinkTest -->
