<?xml version="1.0" encoding="UTF-8"?>
<!-- Generated by org.testng.reporters.JUnitReportReporter -->
<testsuite skipped="0" hostname="ip-172-31-87-158" name="com.webapp.test.TestNgAssertionTest" tests="2" failures="0" timestamp="2021-12-18T17:21:20 UTC" time="0.015" errors="0">
  <testcase name="hardAssertTest" time="0.008" classname="com.webapp.test.TestNgAssertionTest"/>
  <system-out/>
  <testcase name="softAssertTest" time="0.007" classname="com.webapp.test.TestNgAssertionTest"/>
  <system-out/>
</testsuite> <!-- com.webapp.test.TestNgAssertionTest -->
