<?xml version="1.0" encoding="UTF-8"?>
<!-- Generated by org.testng.reporters.JUnitReportReporter -->
<testsuite skipped="0" hostname="ip-172-31-87-158" name="com.webapp.test.facebook.FacebookFailureLoginTest" tests="2" failures="0" timestamp="2021-12-18T17:02:40 UTC" time="21.085" errors="0">
  <testcase name="testFailureLogin" time="19.302" classname="com.webapp.test.facebook.FacebookFailureLoginTest"/>
  <system-out/>
  <testcase name="testFieldsLogin" time="1.783" classname="com.webapp.test.facebook.FacebookFailureLoginTest"/>
  <system-out/>
</testsuite> <!-- com.webapp.test.facebook.FacebookFailureLoginTest -->
