<?xml version="1.0" encoding="UTF-8"?>
<!-- Generated by org.testng.reporters.JUnitReportReporter -->
<testsuite skipped="0" hostname="ip-172-31-87-158" name="com.webapp.test.group.BrowserBasedGroupTest" tests="9" failures="0" timestamp="2021-12-18T17:57:00 UTC" time="32.921" errors="0">
  <testcase name="testFaceBookHomePage" time="0.050" classname="com.webapp.test.group.BrowserBasedGroupTest"/>
  <system-out/>
  <testcase name="launchChromeTest" time="3.442" classname="com.webapp.test.group.BrowserBasedGroupTest"/>
  <system-out/>
  <testcase name="testHomePageTitle" time="0.028" classname="com.webapp.test.group.BrowserBasedGroupTest"/>
  <system-out/>
  <testcase name="launchFireFoxTest" time="5.536" classname="com.webapp.test.group.BrowserBasedGroupTest"/>
  <system-out/>
  <testcase name="testFieldsLogin" time="0.166" classname="com.webapp.test.group.BrowserBasedGroupTest"/>
  <system-out/>
  <testcase name="testHomepageSoruceUrl" time="0.007" classname="com.webapp.test.group.BrowserBasedGroupTest"/>
  <system-out/>
  <testcase name="testSearchData" time="5.137" classname="com.webapp.test.group.BrowserBasedGroupTest"/>
  <system-out/>
  <testcase name="testFailureLogin" time="18.421" classname="com.webapp.test.group.BrowserBasedGroupTest"/>
  <system-out/>
  <testcase name="closeChrome" time="0.134" classname="com.webapp.test.group.BrowserBasedGroupTest"/>
  <system-out/>
</testsuite> <!-- com.webapp.test.group.BrowserBasedGroupTest -->
